<?xml version="1.0" encoding="UTF-8"?>
<!-- Generated by org.testng.reporters.JUnitReportReporter -->
<testsuite hostname="Bharu-WarMachine" failures="0" tests="3" name="com.example.api.APITest" time="2.226" errors="0" timestamp="2024-12-02T11:23:08 IST" skipped="0">
  <testcase classname="com.example.api.APITest" name="testGetRequest" time="0.099"/>
  <system-out/>
  <testcase classname="com.example.api.APITest" name="testPostRequest" time="0.254"/>
  <system-out/>
  <testcase classname="com.example.api.APITest" name="testAllPosts" time="1.873"/>
  <system-out/>
</testsuite> <!-- com.example.api.APITest -->
